build/app/intermediates/manifest_merge_blame_file/release/manifest-merger-blame-release-report.txt
1<?xml version="1.0" encoding="utf-8"?>
2<manifest xmlns:android="http://schemas.android.com/apk/res/android"
3    package="com.example.elf_play"
4    android:versionCode="1"
5    android:versionName="1.0.0" >
6
7    <uses-sdk
8        android:minSdkVersion="16"
8-->src/main/AndroidManifest.xml
9        android:targetSdkVersion="30" />
9-->src/main/AndroidManifest.xml
10
11    <uses-permission android:name="android.permission.INTERNET" />
11-->src/main/AndroidManifest.xml:4:5-66
11-->src/main/AndroidManifest.xml:4:22-64
12
13    <!-- FOR JUST AUDIO BACKGROUND -->
14    <uses-permission android:name="android.permission.WAKE_LOCK" />
14-->src/main/AndroidManifest.xml:7:5-67
14-->src/main/AndroidManifest.xml:7:22-65
15    <uses-permission android:name="android.permission.FOREGROUND_SERVICE" />
15-->src/main/AndroidManifest.xml:8:5-76
15-->src/main/AndroidManifest.xml:8:22-74
16    <!-- Samsung Badge -->
17    <uses-permission android:name="com.sec.android.provider.badge.permission.READ" />
17-->[:awesome_notifications] AndroidManifest.xml:8:5-86
17-->[:awesome_notifications] AndroidManifest.xml:8:22-83
18    <uses-permission android:name="com.sec.android.provider.badge.permission.WRITE" /> <!-- Sony Badge -->
18-->[:awesome_notifications] AndroidManifest.xml:9:5-87
18-->[:awesome_notifications] AndroidManifest.xml:9:22-84
19    <uses-permission android:name="com.sonyericsson.home.permission.BROADCAST_BADGE" /> <!-- HTC Badge -->
19-->[:awesome_notifications] AndroidManifest.xml:12:5-88
19-->[:awesome_notifications] AndroidManifest.xml:12:22-85
20    <uses-permission android:name="com.htc.launcher.permission.READ_SETTINGS" />
20-->[:awesome_notifications] AndroidManifest.xml:15:5-81
20-->[:awesome_notifications] AndroidManifest.xml:15:22-78
21    <uses-permission android:name="com.htc.launcher.permission.UPDATE_SHORTCUT" />
21-->[:awesome_notifications] AndroidManifest.xml:16:5-83
21-->[:awesome_notifications] AndroidManifest.xml:16:22-80
22    <uses-permission android:name="android.permission.RECEIVE_BOOT_COMPLETED" /> <!-- https://developer.android.com/training/package-visibility -->
22-->[:awesome_notifications] AndroidManifest.xml:17:5-81
22-->[:awesome_notifications] AndroidManifest.xml:17:22-78
23    <queries>
23-->[:flutter_downloader] AndroidManifest.xml:8:5-12:15
24        <intent>
24-->[:flutter_downloader] AndroidManifest.xml:9:9-11:18
25            <action android:name="android.intent.action.VIEW" />
25-->src/main/AndroidManifest.xml:42:16-68
25-->src/main/AndroidManifest.xml:42:24-65
26        </intent>
27        <intent>
27-->[androidx.media2:media2-session:1.1.3] AndroidManifest.xml:25:9-27:18
28            <action android:name="android.media.browse.MediaBrowserService" />
28-->src/main/AndroidManifest.xml:19:16-82
28-->src/main/AndroidManifest.xml:19:24-79
29        </intent>
30        <intent>
30-->[androidx.media2:media2-session:1.1.3] AndroidManifest.xml:28:9-30:18
31            <action android:name="androidx.media2.session.MediaSessionService" />
31-->[androidx.media2:media2-session:1.1.3] AndroidManifest.xml:29:13-82
31-->[androidx.media2:media2-session:1.1.3] AndroidManifest.xml:29:21-79
32        </intent>
33        <intent>
33-->[androidx.media2:media2-session:1.1.3] AndroidManifest.xml:31:9-33:18
34            <action android:name="androidx.media2.session.MediaLibraryService" />
34-->[androidx.media2:media2-session:1.1.3] AndroidManifest.xml:32:13-82
34-->[androidx.media2:media2-session:1.1.3] AndroidManifest.xml:32:21-79
35        </intent>
36    </queries>
37
38    <uses-permission android:name="android.permission.ACCESS_NETWORK_STATE" />
38-->[:connectivity_plus] AndroidManifest.xml:7:5-79
38-->[:connectivity_plus] AndroidManifest.xml:7:22-76
39    <uses-permission android:name="com.google.android.finsky.permission.BIND_GET_INSTALL_REFERRER_SERVICE" /> <!-- FOR JUST AUDIO BACKGROUND -->
39-->[com.android.installreferrer:installreferrer:1.0] AndroidManifest.xml:9:5-110
39-->[com.android.installreferrer:installreferrer:1.0] AndroidManifest.xml:9:22-107
40    <application
40-->src/main/AndroidManifest.xml:11:4-86:19
41        android:name="androidx.multidex.MultiDexApplication"
42        android:appComponentFactory="androidx.core.app.CoreComponentFactory"
42-->[androidx.core:core:1.6.0] AndroidManifest.xml:24:18-86
43        android:icon="@mipmap/ic_launcher"
43-->src/main/AndroidManifest.xml:13:9-43
44        android:label="elf_play"
44-->src/main/AndroidManifest.xml:12:9-33
45        android:supportsRtl="true"
45-->[com.facebook.android:facebook-android-sdk:5.15.3] AndroidManifest.xml:28:18-44
46        android:usesCleartextTraffic="true" >
46-->src/main/AndroidManifest.xml:14:9-44
47
48        <!-- FOR JUST AUDIO BACKGROUND -->
49        <service android:name="com.ryanheise.audioservice.AudioService" >
49-->src/main/AndroidManifest.xml:17:8-21:18
49-->src/main/AndroidManifest.xml:17:17-71
50            <intent-filter>
50-->src/main/AndroidManifest.xml:18:12-20:28
51                <action android:name="android.media.browse.MediaBrowserService" />
51-->src/main/AndroidManifest.xml:19:16-82
51-->src/main/AndroidManifest.xml:19:24-79
52            </intent-filter>
53        </service>
54
55        <receiver android:name="com.ryanheise.audioservice.MediaButtonReceiver" >
55-->src/main/AndroidManifest.xml:23:8-27:19
55-->src/main/AndroidManifest.xml:23:18-79
56            <intent-filter>
56-->src/main/AndroidManifest.xml:24:12-26:28
57                <action android:name="android.intent.action.MEDIA_BUTTON" />
57-->src/main/AndroidManifest.xml:25:16-76
57-->src/main/AndroidManifest.xml:25:24-73
58            </intent-filter>
59        </receiver>
60        <!-- FOR AUDIO SERVICE -->
61
62
63        <!-- FACEBOOK AUTH -->
64        <meta-data
64-->src/main/AndroidManifest.xml:31:8-32:53
65            android:name="com.facebook.sdk.ApplicationId"
65-->src/main/AndroidManifest.xml:31:19-64
66            android:value="@string/facebook_app_id" />
66-->src/main/AndroidManifest.xml:32:12-51
67
68        <activity
68-->src/main/AndroidManifest.xml:34:8-37:47
69            android:name="com.facebook.FacebookActivity"
69-->src/main/AndroidManifest.xml:34:18-62
70            android:configChanges="keyboard|keyboardHidden|screenLayout|screenSize|orientation"
70-->src/main/AndroidManifest.xml:35:12-111
71            android:label="@string/app_name"
71-->src/main/AndroidManifest.xml:37:12-44
72            android:theme="@style/com_facebook_activity_theme" />
72-->[com.facebook.android:facebook-common:11.1.1] AndroidManifest.xml:33:13-63
73        <activity
73-->src/main/AndroidManifest.xml:38:8-47:19
74            android:name="com.facebook.CustomTabActivity"
74-->src/main/AndroidManifest.xml:39:12-57
75            android:exported="true" >
75-->src/main/AndroidManifest.xml:40:12-35
76            <intent-filter>
76-->src/main/AndroidManifest.xml:41:12-46:28
77                <action android:name="android.intent.action.VIEW" />
77-->src/main/AndroidManifest.xml:42:16-68
77-->src/main/AndroidManifest.xml:42:24-65
78
79                <category android:name="android.intent.category.DEFAULT" />
79-->src/main/AndroidManifest.xml:43:16-75
79-->src/main/AndroidManifest.xml:43:26-72
80                <category android:name="android.intent.category.BROWSABLE" />
80-->src/main/AndroidManifest.xml:44:16-77
80-->src/main/AndroidManifest.xml:44:26-74
81
82                <data android:scheme="@string/fb_login_protocol_scheme" />
82-->src/main/AndroidManifest.xml:45:16-74
82-->src/main/AndroidManifest.xml:45:22-71
83            </intent-filter>
84            <intent-filter>
84-->[com.facebook.android:facebook-common:11.1.1] AndroidManifest.xml:39:13-48:29
85                <action android:name="android.intent.action.VIEW" />
85-->src/main/AndroidManifest.xml:42:16-68
85-->src/main/AndroidManifest.xml:42:24-65
86
87                <category android:name="android.intent.category.DEFAULT" />
87-->src/main/AndroidManifest.xml:43:16-75
87-->src/main/AndroidManifest.xml:43:26-72
88                <category android:name="android.intent.category.BROWSABLE" />
88-->src/main/AndroidManifest.xml:44:16-77
88-->src/main/AndroidManifest.xml:44:26-74
89
90                <data
90-->src/main/AndroidManifest.xml:45:16-74
91                    android:host="cct.com.example.elf_play"
92                    android:scheme="fbconnect" />
92-->src/main/AndroidManifest.xml:45:22-71
93            </intent-filter>
94        </activity>
95        <!-- FACEBOOK AUTH -->
96
97
98        <!-- ACTIVITY NAME CHANGED FOR JUST AUDIO BACKGROUND -->
99        <activity
99-->src/main/AndroidManifest.xml:51:8-79:20
100            android:name="com.ryanheise.audioservice.AudioServiceActivity"
100-->src/main/AndroidManifest.xml:52:13-75
101            android:configChanges="orientation|keyboardHidden|keyboard|screenSize|smallestScreenSize|locale|layoutDirection|fontScale|screenLayout|density|uiMode"
101-->src/main/AndroidManifest.xml:55:13-163
102            android:hardwareAccelerated="true"
102-->src/main/AndroidManifest.xml:56:13-47
103            android:launchMode="singleTop"
103-->src/main/AndroidManifest.xml:53:13-43
104            android:theme="@style/LaunchTheme"
104-->src/main/AndroidManifest.xml:54:13-47
105            android:windowSoftInputMode="adjustResize" >
105-->src/main/AndroidManifest.xml:57:13-55
106
107            <!--
108                 Specifies an Android theme to apply to this Activity as soon as
109                 the Android process has started. This theme is visible to the user
110                 while the Flutter UI initializes. After that, this theme continues
111                 to determine the Window background behind the Flutter UI.
112            -->
113            <meta-data
113-->src/main/AndroidManifest.xml:62:13-65:17
114                android:name="io.flutter.embedding.android.NormalTheme"
114-->src/main/AndroidManifest.xml:63:15-70
115                android:resource="@style/NormalTheme" />
115-->src/main/AndroidManifest.xml:64:15-52
116            <!--
117                 Displays an Android View that continues showing the launch screen
118                 Drawable until Flutter paints its first frame, then this splash
119                 screen fades out. A splash screen is useful to avoid any visual
120                 gap between the end of Android's launch screen and the painting of
121                 Flutter's first frame.
122            -->
123            <meta-data
123-->src/main/AndroidManifest.xml:71:13-74:17
124                android:name="io.flutter.embedding.android.SplashScreenDrawable"
124-->src/main/AndroidManifest.xml:72:15-79
125                android:resource="@drawable/launch_background" />
125-->src/main/AndroidManifest.xml:73:15-61
126
127            <intent-filter>
127-->src/main/AndroidManifest.xml:75:13-78:29
128                <action android:name="android.intent.action.MAIN" />
128-->src/main/AndroidManifest.xml:76:17-68
128-->src/main/AndroidManifest.xml:76:25-66
129
130                <category android:name="android.intent.category.LAUNCHER" />
130-->src/main/AndroidManifest.xml:77:17-76
130-->src/main/AndroidManifest.xml:77:27-74
131            </intent-filter>
132        </activity>
133
134        <!--
135             Don't delete the meta-data below.
136             This is used by the Flutter tool to generate GeneratedPluginRegistrant.java
137        -->
138        <meta-data
138-->src/main/AndroidManifest.xml:83:9-85:33
139            android:name="flutterEmbedding"
139-->src/main/AndroidManifest.xml:84:13-44
140            android:value="2" />
140-->src/main/AndroidManifest.xml:85:13-30
141
142        <service
142-->[:firebase_auth] AndroidManifest.xml:8:9-12:19
143            android:name="com.google.firebase.components.ComponentDiscoveryService"
143-->[:firebase_auth] AndroidManifest.xml:8:18-89
144            android:directBootAware="true"
144-->[com.google.firebase:firebase-common:20.0.0] AndroidManifest.xml:35:13-43
145            android:exported="false" >
145-->[com.google.firebase:firebase-auth:21.0.1] AndroidManifest.xml:76:13-37
146            <meta-data
146-->[:firebase_auth] AndroidManifest.xml:9:13-11:85
147                android:name="com.google.firebase.components:io.flutter.plugins.firebase.auth.FlutterFirebaseAuthRegistrar"
147-->[:firebase_auth] AndroidManifest.xml:10:17-124
148                android:value="com.google.firebase.components.ComponentRegistrar" />
148-->[:firebase_auth] AndroidManifest.xml:11:17-82
149            <meta-data
149-->[:firebase_core] AndroidManifest.xml:9:13-11:85
150                android:name="com.google.firebase.components:io.flutter.plugins.firebase.core.FlutterFirebaseCoreRegistrar"
150-->[:firebase_core] AndroidManifest.xml:10:17-124
151                android:value="com.google.firebase.components.ComponentRegistrar" />
151-->[:firebase_core] AndroidManifest.xml:11:17-82
152            <meta-data
152-->[com.google.firebase:firebase-auth:21.0.1] AndroidManifest.xml:77:13-79:85
153                android:name="com.google.firebase.components:com.google.firebase.auth.FirebaseAuthRegistrar"
153-->[com.google.firebase:firebase-auth:21.0.1] AndroidManifest.xml:78:17-109
154                android:value="com.google.firebase.components.ComponentRegistrar" />
154-->[com.google.firebase:firebase-auth:21.0.1] AndroidManifest.xml:79:17-82
155        </service>
156
157        <provider
157-->[:image_picker] AndroidManifest.xml:8:9-16:20
158            android:name="io.flutter.plugins.imagepicker.ImagePickerFileProvider"
158-->[:image_picker] AndroidManifest.xml:9:13-82
159            android:authorities="com.example.elf_play.flutter.image_provider"
159-->[:image_picker] AndroidManifest.xml:10:13-74
160            android:exported="false"
160-->[:image_picker] AndroidManifest.xml:11:13-37
161            android:grantUriPermissions="true" >
161-->[:image_picker] AndroidManifest.xml:12:13-47
162            <meta-data
162-->[:image_picker] AndroidManifest.xml:13:13-15:75
163                android:name="android.support.FILE_PROVIDER_PATHS"
163-->[:image_picker] AndroidManifest.xml:14:17-67
164                android:resource="@xml/flutter_image_picker_file_paths" />
164-->[:image_picker] AndroidManifest.xml:15:17-72
165        </provider>
166        <!--
167        <service
168            android:name=".services.firebase.FCMService"
169            android:exported="false">
170            <intent-filter>
171                <action android:name="com.google.firebase.MESSAGING_EVENT"/>
172            </intent-filter>
173        </service>
174
175        <service
176            android:name=".services.AutoCancelService"
177            android:stopWithTask="true" />
178
179        <meta-data android:name="firebase_messaging_auto_init_enabled" android:value="true" />
180
181        <meta-data
182            android:name="com.google.firebase.messaging.default_notification_channel_id"
183            android:value="me.carda.awesome_notifications.firebase.background_channel"/>
184        -->
185        <receiver android:name="me.carda.awesome_notifications.notifications.broadcastReceivers.DismissedNotificationReceiver" />
185-->[:awesome_notifications] AndroidManifest.xml:41:9-130
185-->[:awesome_notifications] AndroidManifest.xml:41:19-127
186        <receiver android:name="me.carda.awesome_notifications.notifications.broadcastReceivers.ScheduledNotificationReceiver" />
186-->[:awesome_notifications] AndroidManifest.xml:42:9-130
186-->[:awesome_notifications] AndroidManifest.xml:42:19-127
187        <receiver android:name="me.carda.awesome_notifications.notifications.broadcastReceivers.KeepOnTopActionReceiver" />
187-->[:awesome_notifications] AndroidManifest.xml:43:9-124
187-->[:awesome_notifications] AndroidManifest.xml:43:19-121
188        <receiver android:name="me.carda.awesome_notifications.notifications.broadcastReceivers.RefreshNotificationBootReceiver" >
188-->[:awesome_notifications] AndroidManifest.xml:44:9-54:20
188-->[:awesome_notifications] AndroidManifest.xml:44:19-129
189            <intent-filter>
189-->[:awesome_notifications] AndroidManifest.xml:45:13-53:29
190                <category android:name="android.intent.category.DEFAULT" />
190-->src/main/AndroidManifest.xml:43:16-75
190-->src/main/AndroidManifest.xml:43:26-72
191
192                <action android:name="android.intent.action.BOOT_COMPLETED" />
192-->[:awesome_notifications] AndroidManifest.xml:48:17-79
192-->[:awesome_notifications] AndroidManifest.xml:48:25-76
193                <action android:name="android.intent.action.LOCKED_BOOT_COMPLETED" />
193-->[:awesome_notifications] AndroidManifest.xml:49:17-86
193-->[:awesome_notifications] AndroidManifest.xml:49:25-83
194                <action android:name="android.intent.action.MY_PACKAGE_REPLACED" />
194-->[:awesome_notifications] AndroidManifest.xml:50:17-84
194-->[:awesome_notifications] AndroidManifest.xml:50:25-81
195                <action android:name="android.intent.action.QUICKBOOT_POWERON" />
195-->[:awesome_notifications] AndroidManifest.xml:51:17-82
195-->[:awesome_notifications] AndroidManifest.xml:51:25-79
196                <action android:name="com.htc.intent.action.QUICKBOOT_POWERON" />
196-->[:awesome_notifications] AndroidManifest.xml:52:17-82
196-->[:awesome_notifications] AndroidManifest.xml:52:25-79
197            </intent-filter>
198        </receiver>
199        <receiver android:name="androidx.media.session.MediaButtonReceiver" >
199-->[:awesome_notifications] AndroidManifest.xml:55:9-59:20
199-->[:awesome_notifications] AndroidManifest.xml:55:19-76
200            <intent-filter>
200-->src/main/AndroidManifest.xml:24:12-26:28
201                <action android:name="android.intent.action.MEDIA_BUTTON" />
201-->src/main/AndroidManifest.xml:25:16-76
201-->src/main/AndroidManifest.xml:25:24-73
202            </intent-filter>
203        </receiver>
204
205        <activity android:name="com.facebook.CustomTabMainActivity" />
205-->[com.facebook.android:facebook-common:11.1.1] AndroidManifest.xml:34:9-71
205-->[com.facebook.android:facebook-common:11.1.1] AndroidManifest.xml:34:19-68
206        <!--
207         The initialization ContentProvider will call FacebookSdk.sdkInitialize automatically
208         with the application context. This config is merged in with the host app's manifest,
209         but there can only be one provider with the same authority activated at any given
210         point; so if the end user has two or more different apps that use Facebook SDK, only the
211         first one will be able to use the provider. To work around this problem, we use the
212         following placeholder in the authority to identify each host application as if it was
213         a completely different provider.
214        -->
215        <provider
215-->[com.facebook.android:facebook-core:11.1.1] AndroidManifest.xml:39:9-42:40
216            android:name="com.facebook.internal.FacebookInitProvider"
216-->[com.facebook.android:facebook-core:11.1.1] AndroidManifest.xml:40:13-70
217            android:authorities="com.example.elf_play.FacebookInitProvider"
217-->[com.facebook.android:facebook-core:11.1.1] AndroidManifest.xml:41:13-72
218            android:exported="false" />
218-->[com.facebook.android:facebook-core:11.1.1] AndroidManifest.xml:42:13-37
219
220        <receiver
220-->[com.facebook.android:facebook-core:11.1.1] AndroidManifest.xml:44:9-50:20
221            android:name="com.facebook.CurrentAccessTokenExpirationBroadcastReceiver"
221-->[com.facebook.android:facebook-core:11.1.1] AndroidManifest.xml:45:13-86
222            android:exported="false" >
222-->[com.facebook.android:facebook-core:11.1.1] AndroidManifest.xml:46:13-37
223            <intent-filter>
223-->[com.facebook.android:facebook-core:11.1.1] AndroidManifest.xml:47:13-49:29
224                <action android:name="com.facebook.sdk.ACTION_CURRENT_ACCESS_TOKEN_CHANGED" />
224-->[com.facebook.android:facebook-core:11.1.1] AndroidManifest.xml:48:17-95
224-->[com.facebook.android:facebook-core:11.1.1] AndroidManifest.xml:48:25-92
225            </intent-filter>
226        </receiver>
227
228        <activity
228-->[com.google.firebase:firebase-auth:21.0.1] AndroidManifest.xml:27:9-44:20
229            android:name="com.google.firebase.auth.internal.GenericIdpActivity"
229-->[com.google.firebase:firebase-auth:21.0.1] AndroidManifest.xml:28:13-80
230            android:excludeFromRecents="true"
230-->[com.google.firebase:firebase-auth:21.0.1] AndroidManifest.xml:29:13-46
231            android:exported="true"
231-->[com.google.firebase:firebase-auth:21.0.1] AndroidManifest.xml:30:13-36
232            android:launchMode="singleTask"
232-->[com.google.firebase:firebase-auth:21.0.1] AndroidManifest.xml:31:13-44
233            android:theme="@android:style/Theme.Translucent.NoTitleBar" >
233-->[com.google.firebase:firebase-auth:21.0.1] AndroidManifest.xml:32:13-72
234            <intent-filter>
234-->[com.google.firebase:firebase-auth:21.0.1] AndroidManifest.xml:33:13-43:29
235                <action android:name="android.intent.action.VIEW" />
235-->src/main/AndroidManifest.xml:42:16-68
235-->src/main/AndroidManifest.xml:42:24-65
236
237                <category android:name="android.intent.category.DEFAULT" />
237-->src/main/AndroidManifest.xml:43:16-75
237-->src/main/AndroidManifest.xml:43:26-72
238                <category android:name="android.intent.category.BROWSABLE" />
238-->src/main/AndroidManifest.xml:44:16-77
238-->src/main/AndroidManifest.xml:44:26-74
239
240                <data
240-->src/main/AndroidManifest.xml:45:16-74
241                    android:host="firebase.auth"
242                    android:path="/"
243                    android:scheme="genericidp" />
243-->src/main/AndroidManifest.xml:45:22-71
244            </intent-filter>
245        </activity>
246        <activity
246-->[com.google.firebase:firebase-auth:21.0.1] AndroidManifest.xml:45:9-62:20
247            android:name="com.google.firebase.auth.internal.RecaptchaActivity"
247-->[com.google.firebase:firebase-auth:21.0.1] AndroidManifest.xml:46:13-79
248            android:excludeFromRecents="true"
248-->[com.google.firebase:firebase-auth:21.0.1] AndroidManifest.xml:47:13-46
249            android:exported="true"
249-->[com.google.firebase:firebase-auth:21.0.1] AndroidManifest.xml:48:13-36
250            android:launchMode="singleTask"
250-->[com.google.firebase:firebase-auth:21.0.1] AndroidManifest.xml:49:13-44
251            android:theme="@android:style/Theme.Translucent.NoTitleBar" >
251-->[com.google.firebase:firebase-auth:21.0.1] AndroidManifest.xml:50:13-72
252            <intent-filter>
252-->[com.google.firebase:firebase-auth:21.0.1] AndroidManifest.xml:51:13-61:29
253                <action android:name="android.intent.action.VIEW" />
253-->src/main/AndroidManifest.xml:42:16-68
253-->src/main/AndroidManifest.xml:42:24-65
254
255                <category android:name="android.intent.category.DEFAULT" />
255-->src/main/AndroidManifest.xml:43:16-75
255-->src/main/AndroidManifest.xml:43:26-72
256                <category android:name="android.intent.category.BROWSABLE" />
256-->src/main/AndroidManifest.xml:44:16-77
256-->src/main/AndroidManifest.xml:44:26-74
257
258                <data
258-->src/main/AndroidManifest.xml:45:16-74
259                    android:host="firebase.auth"
260                    android:path="/"
261                    android:scheme="recaptcha" />
261-->src/main/AndroidManifest.xml:45:22-71
262            </intent-filter>
263        </activity>
264
265        <service
265-->[com.google.firebase:firebase-auth:21.0.1] AndroidManifest.xml:64:9-73:19
266            android:name="com.google.firebase.auth.api.fallback.service.FirebaseAuthFallbackService"
266-->[com.google.firebase:firebase-auth:21.0.1] AndroidManifest.xml:65:13-101
267            android:enabled="true"
267-->[com.google.firebase:firebase-auth:21.0.1] AndroidManifest.xml:66:13-35
268            android:exported="false" >
268-->[com.google.firebase:firebase-auth:21.0.1] AndroidManifest.xml:67:13-37
269            <intent-filter>
269-->[com.google.firebase:firebase-auth:21.0.1] AndroidManifest.xml:68:13-72:29
270                <action android:name="com.google.firebase.auth.api.gms.service.START" />
270-->[com.google.firebase:firebase-auth:21.0.1] AndroidManifest.xml:69:17-89
270-->[com.google.firebase:firebase-auth:21.0.1] AndroidManifest.xml:69:25-86
271
272                <category android:name="android.intent.category.DEFAULT" />
272-->src/main/AndroidManifest.xml:43:16-75
272-->src/main/AndroidManifest.xml:43:26-72
273            </intent-filter>
274        </service>
275
276        <provider
276-->[com.google.firebase:firebase-common:20.0.0] AndroidManifest.xml:26:9-31:39
277            android:name="com.google.firebase.provider.FirebaseInitProvider"
277-->[com.google.firebase:firebase-common:20.0.0] AndroidManifest.xml:27:13-77
278            android:authorities="com.example.elf_play.firebaseinitprovider"
278-->[com.google.firebase:firebase-common:20.0.0] AndroidManifest.xml:28:13-72
279            android:directBootAware="true"
279-->[com.google.firebase:firebase-common:20.0.0] AndroidManifest.xml:29:13-43
280            android:exported="false"
280-->[com.google.firebase:firebase-common:20.0.0] AndroidManifest.xml:30:13-37
281            android:initOrder="100" />
281-->[com.google.firebase:firebase-common:20.0.0] AndroidManifest.xml:31:13-36
282        <provider
282-->[androidx.work:work-runtime:2.5.0] AndroidManifest.xml:31:9-37:35
283            android:name="androidx.work.impl.WorkManagerInitializer"
283-->[androidx.work:work-runtime:2.5.0] AndroidManifest.xml:32:13-69
284            android:authorities="com.example.elf_play.workmanager-init"
284-->[androidx.work:work-runtime:2.5.0] AndroidManifest.xml:33:13-68
285            android:directBootAware="false"
285-->[androidx.work:work-runtime:2.5.0] AndroidManifest.xml:34:13-44
286            android:exported="false"
286-->[androidx.work:work-runtime:2.5.0] AndroidManifest.xml:35:13-37
287            android:multiprocess="true" />
287-->[androidx.work:work-runtime:2.5.0] AndroidManifest.xml:36:13-40
288
289        <service
289-->[androidx.work:work-runtime:2.5.0] AndroidManifest.xml:39:9-44:35
290            android:name="androidx.work.impl.background.systemalarm.SystemAlarmService"
290-->[androidx.work:work-runtime:2.5.0] AndroidManifest.xml:40:13-88
291            android:directBootAware="false"
291-->[androidx.work:work-runtime:2.5.0] AndroidManifest.xml:41:13-44
292            android:enabled="@bool/enable_system_alarm_service_default"
292-->[androidx.work:work-runtime:2.5.0] AndroidManifest.xml:42:13-72
293            android:exported="false" />
293-->[androidx.work:work-runtime:2.5.0] AndroidManifest.xml:43:13-37
294        <service
294-->[androidx.work:work-runtime:2.5.0] AndroidManifest.xml:45:9-51:35
295            android:name="androidx.work.impl.background.systemjob.SystemJobService"
295-->[androidx.work:work-runtime:2.5.0] AndroidManifest.xml:46:13-84
296            android:directBootAware="false"
296-->[androidx.work:work-runtime:2.5.0] AndroidManifest.xml:47:13-44
297            android:enabled="@bool/enable_system_job_service_default"
297-->[androidx.work:work-runtime:2.5.0] AndroidManifest.xml:48:13-70
298            android:exported="true"
298-->[androidx.work:work-runtime:2.5.0] AndroidManifest.xml:49:13-36
299            android:permission="android.permission.BIND_JOB_SERVICE" />
299-->[androidx.work:work-runtime:2.5.0] AndroidManifest.xml:50:13-69
300        <service
300-->[androidx.work:work-runtime:2.5.0] AndroidManifest.xml:52:9-57:35
301            android:name="androidx.work.impl.foreground.SystemForegroundService"
301-->[androidx.work:work-runtime:2.5.0] AndroidManifest.xml:53:13-81
302            android:directBootAware="false"
302-->[androidx.work:work-runtime:2.5.0] AndroidManifest.xml:54:13-44
303            android:enabled="@bool/enable_system_foreground_service_default"
303-->[androidx.work:work-runtime:2.5.0] AndroidManifest.xml:55:13-77
304            android:exported="false" />
304-->[androidx.work:work-runtime:2.5.0] AndroidManifest.xml:56:13-37
305
306        <receiver
306-->[androidx.work:work-runtime:2.5.0] AndroidManifest.xml:59:9-64:35
307            android:name="androidx.work.impl.utils.ForceStopRunnable$BroadcastReceiver"
307-->[androidx.work:work-runtime:2.5.0] AndroidManifest.xml:60:13-88
308            android:directBootAware="false"
308-->[androidx.work:work-runtime:2.5.0] AndroidManifest.xml:61:13-44
309            android:enabled="true"
309-->[androidx.work:work-runtime:2.5.0] AndroidManifest.xml:62:13-35
310            android:exported="false" />
310-->[androidx.work:work-runtime:2.5.0] AndroidManifest.xml:63:13-37
311        <receiver
311-->[androidx.work:work-runtime:2.5.0] AndroidManifest.xml:65:9-75:20
312            android:name="androidx.work.impl.background.systemalarm.ConstraintProxy$BatteryChargingProxy"
312-->[androidx.work:work-runtime:2.5.0] AndroidManifest.xml:66:13-106
313            android:directBootAware="false"
313-->[androidx.work:work-runtime:2.5.0] AndroidManifest.xml:67:13-44
314            android:enabled="false"
314-->[androidx.work:work-runtime:2.5.0] AndroidManifest.xml:68:13-36
315            android:exported="false" >
315-->[androidx.work:work-runtime:2.5.0] AndroidManifest.xml:69:13-37
316            <intent-filter>
316-->[androidx.work:work-runtime:2.5.0] AndroidManifest.xml:71:13-74:29
317                <action android:name="android.intent.action.ACTION_POWER_CONNECTED" />
317-->[androidx.work:work-runtime:2.5.0] AndroidManifest.xml:72:17-87
317-->[androidx.work:work-runtime:2.5.0] AndroidManifest.xml:72:25-84
318                <action android:name="android.intent.action.ACTION_POWER_DISCONNECTED" />
318-->[androidx.work:work-runtime:2.5.0] AndroidManifest.xml:73:17-90